<?xml version="1.0" encoding="UTF-8"?>
<!-- Generated by org.testng.reporters.JUnitReportReporter -->
<testsuite hostname="PRADHR-IN" name="com.testcases.HCM_CHILE_T004_7_ManageCommunicationMethods_EditEmail" tests="1" failures="0" timestamp="7 Nov 2019 15:44:24 GMT" time="107.719" errors="0">
  <testcase name="HCM_CHILE_T004_7_ManageCommunicationMethods_TC" time="107.719" classname="com.testcases.HCM_CHILE_T004_7_ManageCommunicationMethods_EditEmail"/>
</testsuite> <!-- com.testcases.HCM_CHILE_T004_7_ManageCommunicationMethods_EditEmail -->
