<?xml version="1.0" encoding="UTF-8"?>
<!-- Generated by org.testng.reporters.JUnitReportReporter -->
<testsuite skipped="0" hostname="PRADHR-LAP" name="com.testcases.HCM_CHILE_T004_4_ManageCommunicationMethods" tests="1" failures="0" timestamp="29 Aug 2019 14:36:04 GMT" time="152.849" errors="0">
  <testcase name="HCM_CHILE_T004_4_ManageCommunicationMethods_TC" time="152.849" classname="com.testcases.HCM_CHILE_T004_4_ManageCommunicationMethods"/>
</testsuite> <!-- com.testcases.HCM_CHILE_T004_4_ManageCommunicationMethods -->
