<?xml version="1.0" encoding="UTF-8"?>
<!-- Generated by org.testng.reporters.JUnitReportReporter -->
<testsuite hostname="PRADHR-IN" name="com.testcases.CM.FIN_PERU_CL_06_ReconcileBankStatementsTransactionsAutomatic" tests="1" failures="0" timestamp="4 Nov 2019 14:51:09 GMT" time="65.349" errors="0">
  <testcase name="FIN_PERU_CL_06_ReconcileBankStatementsTransactionsAutomatic_TC" time="65.349" classname="com.testcases.CM.FIN_PERU_CL_06_ReconcileBankStatementsTransactionsAutomatic"/>
</testsuite> <!-- com.testcases.CM.FIN_PERU_CL_06_ReconcileBankStatementsTransactionsAutomatic -->
