<?xml version="1.0" encoding="UTF-8"?>
<!-- Generated by org.testng.reporters.JUnitReportReporter -->
<testsuite hostname="PRADHR-IN" name="com.testcases.HCM_CHILE_T004_13_ManageCommunicationMethods_EditEmailFrmEmpDir" tests="1" failures="0" timestamp="11 Nov 2019 14:30:31 GMT" time="122.411" errors="0">
  <testcase name="HCM_CHILE_T004_13_ManageCommunicationMethods_EditEmailFrmEmpDir_TC" time="122.411" classname="com.testcases.HCM_CHILE_T004_13_ManageCommunicationMethods_EditEmailFrmEmpDir"/>
</testsuite> <!-- com.testcases.HCM_CHILE_T004_13_ManageCommunicationMethods_EditEmailFrmEmpDir -->
