<?xml version="1.0" encoding="UTF-8"?>
<!-- Generated by org.testng.reporters.JUnitReportReporter -->
<testsuite hostname="PRADHR-IN" name="com.testcases.SCM_CHILE_CST_005_ManageResourceRates" tests="1" failures="0" timestamp="5 Nov 2019 14:12:27 GMT" time="250.472" errors="0">
  <testcase name="SCM_CHILE_CST_005_ManageResourceRates_TC" time="250.472" classname="com.testcases.SCM_CHILE_CST_005_ManageResourceRates"/>
</testsuite> <!-- com.testcases.SCM_CHILE_CST_005_ManageResourceRates -->
