<?xml version="1.0" encoding="UTF-8"?>
<!-- Generated by org.testng.reporters.JUnitReportReporter -->
<testsuite hostname="PRADHR-IN" name="com.testcases.HCM_CHILE_T004_2_ManageCommunicationMethods" tests="1" failures="0" timestamp="8 Nov 2019 17:15:41 GMT" time="169.623" errors="0">
  <testcase name="HCM_CHILE_T004_2_ManageCommunicationMethods_TC" time="169.623" classname="com.testcases.HCM_CHILE_T004_2_ManageCommunicationMethods"/>
</testsuite> <!-- com.testcases.HCM_CHILE_T004_2_ManageCommunicationMethods -->
