<?xml version="1.0" encoding="UTF-8"?>
<!-- Generated by org.testng.reporters.JUnitReportReporter -->
<testsuite hostname="PRADHR-IN" name="com.testcases.HCM_CHILE_T003_9_View_Update_PrsnlInfo_UpdatePrimaryAddress" tests="1" failures="0" timestamp="6 Nov 2019 14:24:38 GMT" time="113.394" errors="0">
  <testcase name="HCM_CHILE_T003_9_View_Update_PrsnlInfo_UpdatePrimaryAddress_TC" time="113.394" classname="com.testcases.HCM_CHILE_T003_9_View_Update_PrsnlInfo_UpdatePrimaryAddress"/>
</testsuite> <!-- com.testcases.HCM_CHILE_T003_9_View_Update_PrsnlInfo_UpdatePrimaryAddress -->
