<?xml version="1.0" encoding="UTF-8"?>
<!-- Generated by org.testng.reporters.JUnitReportReporter -->
<testsuite hostname="PRADHR-IN" name="com.testcases.HCM_CHILE_T003_17_View_Update_PrsnlInfo_DeleteGenderAndMartialStatus" tests="1" failures="0" timestamp="6 Nov 2019 15:40:07 GMT" time="168.699" errors="0">
  <testcase name="HCM_CHILE_T003_17_View_Update_PrsnlInfo_DeleteGenderAndMartialStatus_TC" time="168.699" classname="com.testcases.HCM_CHILE_T003_17_View_Update_PrsnlInfo_DeleteGenderAndMartialStatus"/>
</testsuite> <!-- com.testcases.HCM_CHILE_T003_17_View_Update_PrsnlInfo_DeleteGenderAndMartialStatus -->
