<?xml version="1.0" encoding="UTF-8"?>
<!-- Generated by org.testng.reporters.JUnitReportReporter -->
<testsuite hostname="PRADHR-IN" name="com.testcases.HCM_CHILE_T004_10_ManageCommunicationMethods_EditPhoneFrmEmpDir" tests="1" failures="0" timestamp="11 Nov 2019 14:19:18 GMT" time="122.205" errors="0">
  <testcase name="HCM_CHILE_T004_10_ManageCommunicationMethods_EditPhoneFrmEmpDir_TC" time="122.205" classname="com.testcases.HCM_CHILE_T004_10_ManageCommunicationMethods_EditPhoneFrmEmpDir"/>
</testsuite> <!-- com.testcases.HCM_CHILE_T004_10_ManageCommunicationMethods_EditPhoneFrmEmpDir -->
