<?xml version="1.0" encoding="UTF-8"?>
<!-- Generated by org.testng.reporters.JUnitReportReporter -->
<testsuite hostname="PRADHR-IN" name="com.testcases.SCM_CHILE_MFG_004_Manage_Production_Resources" tests="1" failures="0" timestamp="4 Nov 2019 16:18:35 GMT" time="110.690" errors="0">
  <testcase name="SCM_CHILE_MFG_004_Manage_Production_Resources" time="110.690" classname="com.testcases.SCM_CHILE_MFG_004_Manage_Production_Resources"/>
</testsuite> <!-- com.testcases.SCM_CHILE_MFG_004_Manage_Production_Resources -->
