<?xml version="1.0" encoding="UTF-8"?>
<!-- Generated by org.testng.reporters.JUnitReportReporter -->
<testsuite skipped="0" hostname="PRADHR-LAP" name="com.testcases.HCM_CHILE_T004_3_View_Update_PrsnlInfo" tests="1" failures="0" timestamp="12 Jul 2019 18:25:07 GMT" time="161.772" errors="0">
  <testcase name="HCM_CHILE_T004_3_View_Update_PrsnlInfo_TC" time="161.772" classname="com.testcases.HCM_CHILE_T004_3_View_Update_PrsnlInfo"/>
</testsuite> <!-- com.testcases.HCM_CHILE_T004_3_View_Update_PrsnlInfo -->
