<?xml version="1.0" encoding="UTF-8"?>
<!-- Generated by org.testng.reporters.JUnitReportReporter -->
<testsuite hostname="PRADHR-IN" name="com.testcases.HCM_CHILE_T004_1_ManageCommunicationMethods_AddPhoneFrmDir" tests="1" failures="0" timestamp="7 Nov 2019 14:57:11 GMT" time="156.931" errors="0">
  <testcase name="HCM_CHILE_T004_1_ManageCommunicationMethods_AddPhoneFrmDir_TC" time="156.931" classname="com.testcases.HCM_CHILE_T004_1_ManageCommunicationMethods_AddPhoneFrmDir"/>
</testsuite> <!-- com.testcases.HCM_CHILE_T004_1_ManageCommunicationMethods_AddPhoneFrmDir -->
