<?xml version="1.0" encoding="UTF-8"?>
<!-- Generated by org.testng.reporters.JUnitReportReporter -->
<testsuite skipped="0" hostname="PRADHR-LAP" name="com.testcases.WMS_INV003_5_Unlock_Location" tests="1" failures="0" timestamp="12 Aug 2019 17:57:38 GMT" time="177.864" errors="0">
  <testcase name="WMS_INV003_5_Unlock_Location_TC" time="177.864" classname="com.testcases.WMS_INV003_5_Unlock_Location"/>
</testsuite> <!-- com.testcases.WMS_INV003_5_Unlock_Location -->
