<?xml version="1.0" encoding="UTF-8"?>
<!-- Generated by org.testng.reporters.JUnitReportReporter -->
<testsuite hostname="PRADHR-IN" name="com.testcases.HCM_CHILE_TS008_Create_Manage_Contacts" tests="1" failures="0" timestamp="7 Nov 2019 13:57:33 GMT" time="139.885" errors="0">
  <testcase name="HCM_CHILE_TS008_Create_Manage_Contacts_TC" time="139.885" classname="com.testcases.HCM_CHILE_TS008_Create_Manage_Contacts"/>
</testsuite> <!-- com.testcases.HCM_CHILE_TS008_Create_Manage_Contacts -->
