<?xml version="1.0" encoding="UTF-8"?>
<!-- Generated by org.testng.reporters.JUnitReportReporter -->
<testsuite skipped="0" hostname="PRADHR-LAP" name="com.testcases.OTM_CHILE_LAS073_Select_Add_Shipment" tests="1" failures="0" timestamp="15 Aug 2019 14:18:39 GMT" time="228.253" errors="0">
  <testcase name="f" time="228.253" classname="com.testcases.OTM_CHILE_LAS073_Select_Add_Shipment"/>
</testsuite> <!-- com.testcases.OTM_CHILE_LAS073_Select_Add_Shipment -->
