<?xml version="1.0" encoding="UTF-8"?>
<!-- Generated by org.testng.reporters.JUnitReportReporter -->
<testsuite hostname="PRADHR-IN" name="com.testcases.HCM_CHILE_TS006_1_Create_Action_Reasons" tests="1" failures="0" timestamp="6 Nov 2019 16:27:18 GMT" time="101.366" errors="0">
  <testcase name="HCM_CHILE_TS006_1_Create_Action_Reasons_TC" time="101.366" classname="com.testcases.HCM_CHILE_TS006_1_Create_Action_Reasons"/>
</testsuite> <!-- com.testcases.HCM_CHILE_TS006_1_Create_Action_Reasons -->
