<?xml version="1.0" encoding="UTF-8"?>
<!-- Generated by org.testng.reporters.JUnitReportReporter -->
<testsuite hostname="PRADHR-IN" name="com.testcases.SCM_CHILE_CST_003_CreateCostScenario" tests="1" failures="0" timestamp="5 Nov 2019 13:58:45 GMT" time="232.283" errors="0">
  <testcase name="SCM_CHILE_CST_003_CreateCostScenario_TC" time="232.283" classname="com.testcases.SCM_CHILE_CST_003_CreateCostScenario"/>
</testsuite> <!-- com.testcases.SCM_CHILE_CST_003_CreateCostScenario -->
