<?xml version="1.0" encoding="UTF-8"?>
<!-- Generated by org.testng.reporters.JUnitReportReporter -->
<testsuite skipped="0" hostname="PRADHR-LAP" name="com.testcases.WMS_INV003_2_Unlock_Pallet" tests="1" failures="0" timestamp="13 Aug 2019 14:41:14 GMT" time="255.115" errors="0">
  <testcase name="WMS_INV003_2_Unlock_Pallet_TC" time="255.115" classname="com.testcases.WMS_INV003_2_Unlock_Pallet"/>
</testsuite> <!-- com.testcases.WMS_INV003_2_Unlock_Pallet -->
