<?xml version="1.0" encoding="UTF-8"?>
<!-- Generated by org.testng.reporters.JUnitReportReporter -->
<testsuite skipped="0" hostname="PRADHR-LAP" name="com.testcases.HCM_CHILE_T004_5_ManageCommunicationMethods" tests="1" failures="0" timestamp="08 Aug 2019 15:24:29 GMT" time="113.384" errors="0">
  <testcase name="HCM_CHILE_T004_5_ManageCommunicationMethods_TC" time="113.384" classname="com.testcases.HCM_CHILE_T004_5_ManageCommunicationMethods"/>
</testsuite> <!-- com.testcases.HCM_CHILE_T004_5_ManageCommunicationMethods -->
