<?xml version="1.0" encoding="UTF-8"?>
<!-- Generated by org.testng.reporters.JUnitReportReporter -->
<testsuite hostname="PRADHR-IN" name="com.testcases.HCM_CHILE_T005_3_AddPersonalRelationship_EditFrmEmp" tests="1" failures="0" timestamp="7 Nov 2019 17:45:32 GMT" time="133.335" errors="0">
  <testcase name="HCM_CHILE_T005_3_AddPersonalRelationship_EditFrmEmp_TC" time="133.335" classname="com.testcases.HCM_CHILE_T005_3_AddPersonalRelationship_EditFrmEmp"/>
</testsuite> <!-- com.testcases.HCM_CHILE_T005_3_AddPersonalRelationship_EditFrmEmp -->
