<?xml version="1.0" encoding="UTF-8"?>
<!-- Generated by org.testng.reporters.JUnitReportReporter -->
<testsuite skipped="0" hostname="PRADHR-LAP" name="com.testcases.HCM_CHILE_T005_2_AddPersonalRelationship" tests="1" failures="0" timestamp="26 Sep 2019 14:55:09 GMT" time="239.482" errors="0">
  <testcase name="HCM_CHILE_T005_2_AddPersonalRelationship_TC" time="239.482" classname="com.testcases.HCM_CHILE_T005_2_AddPersonalRelationship"/>
</testsuite> <!-- com.testcases.HCM_CHILE_T005_2_AddPersonalRelationship -->
