<?xml version="1.0" encoding="UTF-8"?>
<!-- Generated by org.testng.reporters.JUnitReportReporter -->
<testsuite skipped="0" hostname="PRADHR-LAP" name="com.testcases.HCM_CHILE_T004_18_ManageCommunicationMethods" tests="1" failures="0" timestamp="12 Aug 2019 14:28:44 GMT" time="147.831" errors="0">
  <testcase name="HCM_CHILE_T004_18_ManageCommunicationMethods_TC" time="147.831" classname="com.testcases.HCM_CHILE_T004_18_ManageCommunicationMethods"/>
</testsuite> <!-- com.testcases.HCM_CHILE_T004_18_ManageCommunicationMethods -->
