<?xml version="1.0" encoding="UTF-8"?>
<!-- Generated by org.testng.reporters.JUnitReportReporter -->
<testsuite skipped="0" hostname="PRADHR-LAP" name="com.testcases.HCM_CHILE_T003_View_Update_PrsnlInfo" tests="1" failures="0" timestamp="05 Aug 2019 17:45:46 GMT" time="131.633" errors="0">
  <testcase name="HCM_CHILE_T003_View_Update_PrsnlInfo_TC" time="131.633" classname="com.testcases.HCM_CHILE_T003_View_Update_PrsnlInfo"/>
</testsuite> <!-- com.testcases.HCM_CHILE_T003_View_Update_PrsnlInfo -->
