<?xml version="1.0" encoding="UTF-8"?>
<!-- Generated by org.testng.reporters.JUnitReportReporter -->
<testsuite skipped="0" hostname="PRADHR-LAP" name="com.testcases.HCM_CHILE_T004_14_ManageCommunicationMethods" tests="1" failures="0" timestamp="12 Aug 2019 14:08:08 GMT" time="253.214" errors="0">
  <testcase name="HCM_CHILE_T004_14_ManageCommunicationMethods_TC" time="253.214" classname="com.testcases.HCM_CHILE_T004_14_ManageCommunicationMethods"/>
</testsuite> <!-- com.testcases.HCM_CHILE_T004_14_ManageCommunicationMethods -->
