<?xml version="1.0" encoding="UTF-8"?>
<!-- Generated by org.testng.reporters.JUnitReportReporter -->
<testsuite skipped="0" hostname="PRADHR-LAP" name="com.testcases.OTM_CHILE_LAS072_Navigate_Assignment_Board" tests="1" failures="0" timestamp="15 Aug 2019 13:52:16 GMT" time="118.957" errors="0">
  <testcase name="OTM_CHILE_LAS072_Navigate_Assignment_Board_TC" time="118.957" classname="com.testcases.OTM_CHILE_LAS072_Navigate_Assignment_Board"/>
</testsuite> <!-- com.testcases.OTM_CHILE_LAS072_Navigate_Assignment_Board -->
