<?xml version="1.0" encoding="UTF-8"?>
<!-- Generated by org.testng.reporters.JUnitReportReporter -->
<testsuite hostname="PRADHR-IN" name="com.testcases.HCM_CHILE_T003_14_View_Update_PrsnlInfo_AddCountry" tests="1" failures="0" timestamp="6 Nov 2019 14:59:20 GMT" time="110.861" errors="0">
  <testcase name="HCM_CHILE_T003_14_View_Update_PrsnlInfo_AddCountry_TC" time="110.861" classname="com.testcases.HCM_CHILE_T003_14_View_Update_PrsnlInfo_AddCountry"/>
</testsuite> <!-- com.testcases.HCM_CHILE_T003_14_View_Update_PrsnlInfo_AddCountry -->
