<?xml version="1.0" encoding="UTF-8"?>
<!-- Generated by org.testng.reporters.JUnitReportReporter -->
<testsuite skipped="0" hostname="PRADHR-LAP" name="com.testcases.HCM_CHILE_T005_3_AddPersonalRelationship" tests="1" failures="0" timestamp="04 Oct 2019 15:17:11 GMT" time="213.046" errors="0">
  <testcase name="HCM_CHILE_T005_AddPersonalRelationship_TC" time="213.046" classname="com.testcases.HCM_CHILE_T005_3_AddPersonalRelationship"/>
</testsuite> <!-- com.testcases.HCM_CHILE_T005_3_AddPersonalRelationship -->
