<?xml version="1.0" encoding="UTF-8"?>
<!-- Generated by org.testng.reporters.JUnitReportReporter -->
<testsuite hostname="PRADHR-IN" name="com.testcases.HCM_CHILE_T004_5_ManageCommunicationMethods_DeletePhoneFrmDir" tests="1" failures="0" timestamp="7 Nov 2019 15:14:48 GMT" time="113.637" errors="0">
  <testcase name="HCM_CHILE_T004_5_ManageCommunicationMethods_TC" time="113.637" classname="com.testcases.HCM_CHILE_T004_5_ManageCommunicationMethods_DeletePhoneFrmDir"/>
</testsuite> <!-- com.testcases.HCM_CHILE_T004_5_ManageCommunicationMethods_DeletePhoneFrmDir -->
