<?xml version="1.0" encoding="UTF-8"?>
<!-- Generated by org.testng.reporters.JUnitReportReporter -->
<testsuite hostname="PRADHR-IN" name="com.testcases.HCM_CHILE_T058_Make_Selections_Asignacion_Matricular" tests="1" failures="0" timestamp="6 Nov 2019 18:00:42 GMT" time="123.095" errors="0">
  <testcase name="HCM_CHILE_T058_Make_Selections_Asignacion_Matricular_TC" time="123.095" classname="com.testcases.HCM_CHILE_T058_Make_Selections_Asignacion_Matricular"/>
</testsuite> <!-- com.testcases.HCM_CHILE_T058_Make_Selections_Asignacion_Matricular -->
