<?xml version="1.0" encoding="UTF-8"?>
<!-- Generated by org.testng.reporters.JUnitReportReporter -->
<testsuite hostname="PRADHR-IN" name="com.testcases.HCM_CHILE_T005_Manage_Address" tests="1" failures="0" timestamp="7 Nov 2019 18:15:37 GMT" time="69.851" errors="0">
  <testcase name="HCM_CHILE_T005_Manage_Address_TC" time="69.851" classname="com.testcases.HCM_CHILE_T005_Manage_Address"/>
</testsuite> <!-- com.testcases.HCM_CHILE_T005_Manage_Address -->
