<?xml version="1.0" encoding="UTF-8"?>
<!-- Generated by org.testng.reporters.JUnitReportReporter -->
<testsuite skipped="0" hostname="PRADHR-LAP" name="com.testcases.AP.FIN_PERU_CL_02_Record_Bank_Statements_Manual" tests="1" failures="0" timestamp="11 Mar 2019 13:37:30 GMT" time="70.479" errors="0">
  <testcase name="FIN_PERU_CL_02_Record_Bank_Statements_Manual_TC" time="70.479" classname="com.testcases.AP.FIN_PERU_CL_02_Record_Bank_Statements_Manual"/>
</testsuite> <!-- com.testcases.AP.FIN_PERU_CL_02_Record_Bank_Statements_Manual -->
