<?xml version="1.0" encoding="UTF-8"?>
<!-- Generated by org.testng.reporters.JUnitReportReporter -->
<testsuite skipped="0" hostname="PRADHR-LAP" name="com.testcases.HCM_CHILE_T003_17_View_Update_PrsnlInfo" tests="1" failures="0" timestamp="07 Aug 2019 14:27:07 GMT" time="164.486" errors="0">
  <testcase name="HCM_CHILE_T003_17_View_Update_PrsnlInfo_TC" time="164.486" classname="com.testcases.HCM_CHILE_T003_17_View_Update_PrsnlInfo"/>
</testsuite> <!-- com.testcases.HCM_CHILE_T003_17_View_Update_PrsnlInfo -->
