<?xml version="1.0" encoding="UTF-8"?>
<!-- Generated by org.testng.reporters.JUnitReportReporter -->
<testsuite skipped="0" hostname="PRADHR-LAP" name="com.testcases.HCM_CHILE_T004_ManageCommunicationMethods" tests="1" failures="0" timestamp="29 Aug 2019 14:23:30 GMT" time="209.327" errors="0">
  <testcase name="HCM_CHILE_T004_ManageCommunicationMethods_TC" time="209.327" classname="com.testcases.HCM_CHILE_T004_ManageCommunicationMethods"/>
</testsuite> <!-- com.testcases.HCM_CHILE_T004_ManageCommunicationMethods -->
