<?xml version="1.0" encoding="UTF-8"?>
<!-- Generated by org.testng.reporters.JUnitReportReporter -->
<testsuite hostname="PRADHR-IN" name="com.testcases.HCM_CHILE_T004_3_ManageCommunicationMethods_EditPhoneFrmDir" tests="1" failures="0" timestamp="7 Nov 2019 15:07:33 GMT" time="129.603" errors="0">
  <testcase name="HCM_CHILE_T004_3_ManageCommunicationMethods_EditPhoneFrmDir_TC" time="129.603" classname="com.testcases.HCM_CHILE_T004_3_ManageCommunicationMethods_EditPhoneFrmDir"/>
</testsuite> <!-- com.testcases.HCM_CHILE_T004_3_ManageCommunicationMethods_EditPhoneFrmDir -->
