<?xml version="1.0" encoding="UTF-8"?>
<!-- Generated by org.testng.reporters.JUnitReportReporter -->
<testsuite hostname="PRADHR-IN" name="com.testcases.HCM_CHILE_T003_7_View_Update_PrsnlInfo_DeleteAddress" tests="1" failures="0" timestamp="6 Nov 2019 14:08:51 GMT" time="104.284" errors="0">
  <testcase name="HCM_CHILE_T003_7_View_Update_PrsnlInfo_DeleteAddress_TC" time="104.284" classname="com.testcases.HCM_CHILE_T003_7_View_Update_PrsnlInfo_DeleteAddress"/>
</testsuite> <!-- com.testcases.HCM_CHILE_T003_7_View_Update_PrsnlInfo_DeleteAddress -->
