<?xml version="1.0" encoding="UTF-8"?>
<!-- Generated by org.testng.reporters.JUnitReportReporter -->
<testsuite hostname="PRADHR-IN" name="com.testcases.HCM_CHILE_T003_4_View_Update_PrsnlInfo_UpdateAddress" tests="1" failures="0" timestamp="6 Nov 2019 13:53:30 GMT" time="145.271" errors="0">
  <testcase name="HCM_CHILE_T003_4_View_Update_PrsnlInfo_UpdateAddress_TC" time="145.271" classname="com.testcases.HCM_CHILE_T003_4_View_Update_PrsnlInfo_UpdateAddress"/>
</testsuite> <!-- com.testcases.HCM_CHILE_T003_4_View_Update_PrsnlInfo_UpdateAddress -->
