<?xml version="1.0" encoding="UTF-8"?>
<!-- Generated by org.testng.reporters.JUnitReportReporter -->
<testsuite skipped="0" hostname="PRADHR-LAP" name="com.testcases.OTM_LAS014" tests="1" failures="0" timestamp="23 Jan 2019 16:02:09 GMT" time="115.416" errors="0">
  <testcase name="f" time="115.416" classname="com.testcases.OTM_LAS014"/>
</testsuite> <!-- com.testcases.OTM_LAS014 -->
