<?xml version="1.0" encoding="UTF-8"?>
<!-- Generated by org.testng.reporters.JUnitReportReporter -->
<testsuite skipped="0" hostname="PRADHR-LAP" name="com.testcases.OTM_CHILE_LAS004_Delete_Remaining_Quantity" tests="1" failures="0" timestamp="15 Aug 2019 15:18:52 GMT" time="75.569" errors="0">
  <testcase name="f" time="75.569" classname="com.testcases.OTM_CHILE_LAS004_Delete_Remaining_Quantity"/>
</testsuite> <!-- com.testcases.OTM_CHILE_LAS004_Delete_Remaining_Quantity -->
