<?xml version="1.0" encoding="UTF-8"?>
<!-- Generated by org.testng.reporters.JUnitReportReporter -->
<testsuite hostname="PRADHR-IN" name="com.testcases.HCM_CHILE_TS003_Delete_Salary_Basis" tests="1" failures="0" timestamp="6 Nov 2019 16:09:04 GMT" time="131.999" errors="0">
  <testcase name="HCM_CHILE_TS003_Delete_Salary_Basis_TC" time="131.999" classname="com.testcases.HCM_CHILE_TS003_Delete_Salary_Basis"/>
</testsuite> <!-- com.testcases.HCM_CHILE_TS003_Delete_Salary_Basis -->
