<?xml version="1.0" encoding="UTF-8"?>
<!-- Generated by org.testng.reporters.JUnitReportReporter -->
<testsuite hostname="PRADHR-IN" name="com.testcases.HCM_CHILE_T003_13_View_Update_PrsnlInfo_EditBiographicalInfo" tests="1" failures="0" timestamp="6 Nov 2019 14:55:52 GMT" time="124.569" errors="0">
  <testcase name="HCM_CHILE_T003_13_View_Update_PrsnlInfo_EditBiographicalInfo_TC" time="124.569" classname="com.testcases.HCM_CHILE_T003_13_View_Update_PrsnlInfo_EditBiographicalInfo"/>
</testsuite> <!-- com.testcases.HCM_CHILE_T003_13_View_Update_PrsnlInfo_EditBiographicalInfo -->
