<?xml version="1.0" encoding="UTF-8"?>
<!-- Generated by org.testng.reporters.JUnitReportReporter -->
<testsuite hostname="PRADHR-IN" name="com.testcases.HCM_CHILE_T003_6_View_Update_PrsnlInfo_EndDateAddress" tests="1" failures="0" timestamp="6 Nov 2019 14:04:59 GMT" time="121.351" errors="0">
  <testcase name="HCM_CHILE_T003_6_View_Update_PrsnlInfo_EndDateAddress_TC" time="121.351" classname="com.testcases.HCM_CHILE_T003_6_View_Update_PrsnlInfo_EndDateAddress"/>
</testsuite> <!-- com.testcases.HCM_CHILE_T003_6_View_Update_PrsnlInfo_EndDateAddress -->
