<?xml version="1.0" encoding="UTF-8"?>
<!-- Generated by org.testng.reporters.JUnitReportReporter -->
<testsuite hostname="PRADHR-IN" name="com.testcases.SCM_CHILE_MFG_014_Manage_Nonstandard_Work_Orders" tests="1" failures="0" timestamp="4 Nov 2019 19:19:21 GMT" time="134.890" errors="0">
  <testcase name="SCM_CHILE_MFG_014_Manage_Nonstandard_Work_Orders" time="134.890" classname="com.testcases.SCM_CHILE_MFG_014_Manage_Nonstandard_Work_Orders"/>
</testsuite> <!-- com.testcases.SCM_CHILE_MFG_014_Manage_Nonstandard_Work_Orders -->
