<?xml version="1.0" encoding="UTF-8"?>
<!-- Generated by org.testng.reporters.JUnitReportReporter -->
<testsuite hostname="PRADHR-IN" name="com.testcases.HCM_CHILE_T005_AddPersonalRelationship_AddFrmEmp" tests="1" failures="0" timestamp="7 Nov 2019 16:26:03 GMT" time="138.934" errors="0">
  <testcase name="HCM_CHILE_T005_AddPersonalRelationship_AddFrmEmp_TC" time="138.934" classname="com.testcases.HCM_CHILE_T005_AddPersonalRelationship_AddFrmEmp"/>
</testsuite> <!-- com.testcases.HCM_CHILE_T005_AddPersonalRelationship_AddFrmEmp -->
