<?xml version="1.0" encoding="UTF-8"?>
<!-- Generated by org.testng.reporters.JUnitReportReporter -->
<testsuite skipped="0" hostname="PRADHR-LAP" name="com.testcases.HCM_CHILE_T017_View_Update_PrsnlInfo" tests="1" failures="0" timestamp="18 Jul 2019 13:21:01 GMT" time="109.259" errors="0">
  <testcase name="HCM_CHILE_T017_View_Update_PrsnlInfo_TC" time="109.259" classname="com.testcases.HCM_CHILE_T017_View_Update_PrsnlInfo"/>
</testsuite> <!-- com.testcases.HCM_CHILE_T017_View_Update_PrsnlInfo -->
