<?xml version="1.0" encoding="UTF-8"?>
<!-- Generated by org.testng.reporters.JUnitReportReporter -->
<testsuite hostname="PRADHR-IN" name="com.testcases.HCM_CHILE_T003_8_View_Update_PrsnlInfo_DeleteAddressRecord" tests="1" failures="0" timestamp="6 Nov 2019 14:12:43 GMT" time="96.248" errors="0">
  <testcase name="HCM_CHILE_T003_8_View_Update_PrsnlInfo_DeleteAddressRecord_TC" time="96.248" classname="com.testcases.HCM_CHILE_T003_8_View_Update_PrsnlInfo_DeleteAddressRecord"/>
</testsuite> <!-- com.testcases.HCM_CHILE_T003_8_View_Update_PrsnlInfo_DeleteAddressRecord -->
