<?xml version="1.0" encoding="UTF-8"?>
<!-- Generated by org.testng.reporters.JUnitReportReporter -->
<testsuite hostname="PRADHR-IN" name="com.testcases.SCM_CHILE_MFG_006_Manage_Operation_Items" tests="1" failures="0" timestamp="4 Nov 2019 17:51:46 GMT" time="130.849" errors="0">
  <testcase name="SCM_CHILE_MFG_006_Manage_Operation_Items" time="130.849" classname="com.testcases.SCM_CHILE_MFG_006_Manage_Operation_Items"/>
</testsuite> <!-- com.testcases.SCM_CHILE_MFG_006_Manage_Operation_Items -->
