<?xml version="1.0" encoding="UTF-8"?>
<!-- Generated by org.testng.reporters.JUnitReportReporter -->
<testsuite hostname="PRADHR-IN" name="com.testcases.CM.FIN_PERU_CL_01_RecordMiscellaneousBankTransactions" tests="1" failures="0" timestamp="4 Nov 2019 13:52:07 GMT" time="95.530" errors="0">
  <testcase name="FIN_PERU_CL_01_RecordMiscellaneousBankTransactions_TC" time="95.530" classname="com.testcases.CM.FIN_PERU_CL_01_RecordMiscellaneousBankTransactions"/>
</testsuite> <!-- com.testcases.CM.FIN_PERU_CL_01_RecordMiscellaneousBankTransactions -->
