<?xml version="1.0" encoding="UTF-8"?>
<!-- Generated by org.testng.reporters.JUnitReportReporter -->
<testsuite skipped="0" hostname="PRADHR-LAP" name="com.testcases.HCM_CHILE_T004_Manage_Address" tests="1" failures="0" timestamp="29 Mar 2019 15:03:27 GMT" time="101.696" errors="0">
  <testcase name="HCM_CHILE_T004_Manage_Address" time="101.696" classname="com.testcases.HCM_CHILE_T004_Manage_Address"/>
</testsuite> <!-- com.testcases.HCM_CHILE_T004_Manage_Address -->
