<?xml version="1.0" encoding="UTF-8"?>
<!-- Generated by org.testng.reporters.JUnitReportReporter -->
<testsuite hostname="PRADHR-IN" name="com.testcases.HCM_CHILE_TS001_Create_Salary_Basis" tests="1" failures="0" timestamp="6 Nov 2019 16:01:52 GMT" time="119.026" errors="0">
  <testcase name="HCM_CHILE_TS001_Create_Salary_Basis_TC" time="119.026" classname="com.testcases.HCM_CHILE_TS001_Create_Salary_Basis"/>
</testsuite> <!-- com.testcases.HCM_CHILE_TS001_Create_Salary_Basis -->
