<?xml version="1.0" encoding="UTF-8"?>
<!-- Generated by org.testng.reporters.JUnitReportReporter -->
<testsuite hostname="PRADHR-IN" name="com.testcases.HCM_CHILE_T003_1_View_Update_PrsnlInfo_CorrectName" tests="1" failures="0" timestamp="5 Nov 2019 18:22:46 GMT" time="168.931" errors="0">
  <testcase name="HCM_CHILE_T003_1_View_Update_PrsnlInfo_CorrectName_TC" time="168.931" classname="com.testcases.HCM_CHILE_T003_1_View_Update_PrsnlInfo_CorrectName"/>
</testsuite> <!-- com.testcases.HCM_CHILE_T003_1_View_Update_PrsnlInfo_CorrectName -->
