<?xml version="1.0" encoding="UTF-8"?>
<!-- Generated by org.testng.reporters.JUnitReportReporter -->
<testsuite hostname="PRADHR-IN" name="com.testcases.SCM_CHILE_CST_008_ReviewStandardCost" tests="1" failures="0" timestamp="5 Nov 2019 14:48:05 GMT" time="142.654" errors="0">
  <testcase name="SCM_CHILE_CST_008_ReviewStandardCost_TC" time="142.654" classname="com.testcases.SCM_CHILE_CST_008_ReviewStandardCost"/>
</testsuite> <!-- com.testcases.SCM_CHILE_CST_008_ReviewStandardCost -->
