<?xml version="1.0" encoding="UTF-8"?>
<!-- Generated by org.testng.reporters.JUnitReportReporter -->
<testsuite hostname="PRADHR-IN" name="com.testcases.HCM_CHILE_T005_5_AddPersonalRelationship_DeleteFrmEmp" tests="1" failures="0" timestamp="7 Nov 2019 17:57:38 GMT" time="68.900" errors="0">
  <testcase name="HCM_CHILE_T005_5_AddPersonalRelationship_DeleteFrmEmp_TC" time="68.900" classname="com.testcases.HCM_CHILE_T005_5_AddPersonalRelationship_DeleteFrmEmp"/>
</testsuite> <!-- com.testcases.HCM_CHILE_T005_5_AddPersonalRelationship_DeleteFrmEmp -->
