<?xml version="1.0" encoding="UTF-8"?>
<!-- Generated by org.testng.reporters.JUnitReportReporter -->
<testsuite hostname="PRADHR-IN" name="com.testcases.HCM_CHILE_T003_View_Update_PrsnlInfo_UpdateName" tests="1" failures="0" timestamp="5 Nov 2019 19:48:39 GMT" time="152.474" errors="0">
  <testcase name="HCM_CHILE_T003_View_Update_PrsnlInfo_UpdateName_TC" time="152.474" classname="com.testcases.HCM_CHILE_T003_View_Update_PrsnlInfo_UpdateName"/>
</testsuite> <!-- com.testcases.HCM_CHILE_T003_View_Update_PrsnlInfo_UpdateName -->
