<?xml version="1.0" encoding="UTF-8"?>
<!-- Generated by org.testng.reporters.JUnitReportReporter -->
<testsuite hostname="PRADHR-IN" name="com.testcases.HCM_CHILE_TS005_1_Edit_Actions" tests="1" failures="0" timestamp="6 Nov 2019 16:21:36 GMT" time="99.924" errors="0">
  <testcase name="HCM_CHILE_TS005_1_Edit_Actions_TC" time="99.924" classname="com.testcases.HCM_CHILE_TS005_1_Edit_Actions"/>
</testsuite> <!-- com.testcases.HCM_CHILE_TS005_1_Edit_Actions -->
