<?xml version="1.0" encoding="UTF-8"?>
<!-- Generated by org.testng.reporters.JUnitReportReporter -->
<testsuite hostname="PRADHR-IN" name="com.testcases.HCM_CHILE_T003_5_View_Update_PrsnlInfo_CorrectAddress" tests="1" failures="0" timestamp="6 Nov 2019 14:00:41 GMT" time="145.330" errors="0">
  <testcase name="HCM_CHILE_T003_5_View_Update_PrsnlInfo_CorrectAddress_TC" time="145.330" classname="com.testcases.HCM_CHILE_T003_5_View_Update_PrsnlInfo_CorrectAddress"/>
</testsuite> <!-- com.testcases.HCM_CHILE_T003_5_View_Update_PrsnlInfo_CorrectAddress -->
