<?xml version="1.0" encoding="UTF-8"?>
<!-- Generated by org.testng.reporters.JUnitReportReporter -->
<testsuite hostname="PRADHR-IN" name="com.testcases.HCM_CHILE_T003_10_View_Update_PrsnlInfo_CorrectPrimaryAddress" tests="1" failures="0" timestamp="6 Nov 2019 14:29:33 GMT" time="129.459" errors="0">
  <testcase name="HCM_CHILE_T003_10_View_Update_PrsnlInfo_CorrectPrimaryAddress_TC" time="129.459" classname="com.testcases.HCM_CHILE_T003_10_View_Update_PrsnlInfo_CorrectPrimaryAddress"/>
</testsuite> <!-- com.testcases.HCM_CHILE_T003_10_View_Update_PrsnlInfo_CorrectPrimaryAddress -->
