<?xml version="1.0" encoding="UTF-8"?>
<!-- Generated by org.testng.reporters.JUnitReportReporter -->
<testsuite skipped="0" hostname="PRADHR-LAP" name="com.testcases.HCM_CHILE_T005_AddPersonalRelationship" tests="1" failures="0" timestamp="03 Oct 2019 16:04:29 GMT" time="147.822" errors="0">
  <testcase name="HCM_CHILE_T005_AddPersonalRelationship_TC" time="147.822" classname="com.testcases.HCM_CHILE_T005_AddPersonalRelationship"/>
</testsuite> <!-- com.testcases.HCM_CHILE_T005_AddPersonalRelationship -->
