<?xml version="1.0" encoding="UTF-8"?>
<!-- Generated by org.testng.reporters.JUnitReportReporter -->
<testsuite hostname="PRADHR-IN" name="com.testcases.CM.FIN_PERU_CL_10_Unreconcile_Manual" tests="1" failures="0" timestamp="4 Nov 2019 15:03:51 GMT" time="119.980" errors="0">
  <testcase name="FIN_PERU_CL_10_Unreconcile_Manual_TC" time="119.980" classname="com.testcases.CM.FIN_PERU_CL_10_Unreconcile_Manual"/>
</testsuite> <!-- com.testcases.CM.FIN_PERU_CL_10_Unreconcile_Manual -->
