<?xml version="1.0" encoding="UTF-8"?>
<!-- Generated by org.testng.reporters.JUnitReportReporter -->
<testsuite skipped="0" hostname="PRADHR-LAP" name="com.testcases.OTM_CHILE_LAS077_Change_Equipment_Group" tests="1" failures="0" timestamp="15 Aug 2019 14:41:58 GMT" time="134.164" errors="0">
  <testcase name="OTM_CHILE_LAS077_Change_Equipment_Group_TC" time="134.164" classname="com.testcases.OTM_CHILE_LAS077_Change_Equipment_Group"/>
</testsuite> <!-- com.testcases.OTM_CHILE_LAS077_Change_Equipment_Group -->
