<?xml version="1.0" encoding="UTF-8"?>
<!-- Generated by org.testng.reporters.JUnitReportReporter -->
<testsuite skipped="0" hostname="PRADHR-LAP" name="com.testcases.HCM_CHILE_T004_6_ManageCommunicationMethods" tests="1" failures="0" timestamp="08 Aug 2019 15:29:30 GMT" time="120.356" errors="0">
  <testcase name="HCM_CHILE_T004_6_ManageCommunicationMethods_TC" time="120.356" classname="com.testcases.HCM_CHILE_T004_6_ManageCommunicationMethods"/>
</testsuite> <!-- com.testcases.HCM_CHILE_T004_6_ManageCommunicationMethods -->
