<?xml version="1.0" encoding="UTF-8"?>
<!-- Generated by org.testng.reporters.JUnitReportReporter -->
<testsuite hostname="PRADHR-IN" name="com.testcases.HCM_CHILE_T003_11_View_Update_PrsnlInfo_EditCommunicationMethods" tests="1" failures="0" timestamp="6 Nov 2019 14:32:54 GMT" time="113.007" errors="0">
  <testcase name="HCM_CHILE_T003_11_View_Update_PrsnlInfo_EditCommunicationMethods_TC" time="113.007" classname="com.testcases.HCM_CHILE_T003_11_View_Update_PrsnlInfo_EditCommunicationMethods"/>
</testsuite> <!-- com.testcases.HCM_CHILE_T003_11_View_Update_PrsnlInfo_EditCommunicationMethods -->
