<?xml version="1.0" encoding="UTF-8"?>
<!-- Generated by org.testng.reporters.JUnitReportReporter -->
<testsuite hostname="PRADHR-IN" name="com.testcases.SCM_CHILE_CST_006_ManageOverheadRates" tests="1" failures="0" timestamp="5 Nov 2019 14:44:35 GMT" time="245.404" errors="0">
  <testcase name="SCM_CHILE_CST_006_ManageOverheadRates_TC" time="245.404" classname="com.testcases.SCM_CHILE_CST_006_ManageOverheadRates"/>
</testsuite> <!-- com.testcases.SCM_CHILE_CST_006_ManageOverheadRates -->
