<?xml version="1.0" encoding="UTF-8"?>
<!-- Generated by org.testng.reporters.JUnitReportReporter -->
<testsuite hostname="PRADHR-IN" name="com.testcases.SCM_CHILE_MFG_013_Manage_Standard_Work_Orders" tests="1" failures="0" timestamp="4 Nov 2019 18:18:43 GMT" time="138.680" errors="0">
  <testcase name="SCM_CHILE_MFG_013_Manage_Standard_Work_Orders" time="138.680" classname="com.testcases.SCM_CHILE_MFG_013_Manage_Standard_Work_Orders"/>
</testsuite> <!-- com.testcases.SCM_CHILE_MFG_013_Manage_Standard_Work_Orders -->
