<?xml version="1.0" encoding="UTF-8"?>
<!-- Generated by org.testng.reporters.JUnitReportReporter -->
<testsuite skipped="0" hostname="PRADHR-LAP" name="com.testcases.LAS014_Generate_Custom_Reports" tests="1" failures="0" timestamp="21 Mar 2019 15:28:22 GMT" time="210.007" errors="0">
  <testcase name="LAS014_Generate_Custom_Reports_TC" time="210.007" classname="com.testcases.LAS014_Generate_Custom_Reports"/>
</testsuite> <!-- com.testcases.LAS014_Generate_Custom_Reports -->
