<?xml version="1.0" encoding="UTF-8"?>
<!-- Generated by org.testng.reporters.JUnitReportReporter -->
<testsuite skipped="0" hostname="PRADHR-LAP" name="com.testcases.OTM_CHILE_LAS074_SHIPMENT_START_TO_DAY_Query" tests="1" failures="0" timestamp="15 Aug 2019 14:22:51 GMT" time="103.840" errors="0">
  <testcase name="f" time="103.840" classname="com.testcases.OTM_CHILE_LAS074_SHIPMENT_START_TO_DAY_Query"/>
</testsuite> <!-- com.testcases.OTM_CHILE_LAS074_SHIPMENT_START_TO_DAY_Query -->
