<?xml version="1.0" encoding="UTF-8"?>
<!-- Generated by org.testng.reporters.JUnitReportReporter -->
<testsuite skipped="0" hostname="PRADHR-LAP" name="com.testcases.OTM_CHILE_LAS079_Adjust_Shipments_Costs" tests="1" failures="0" timestamp="23 Aug 2019 20:00:14 GMT" time="344.846" errors="0">
  <testcase name="OTM_CHILE_LAS079_Adjust_Shipments_Costs_TC" time="344.846" classname="com.testcases.OTM_CHILE_LAS079_Adjust_Shipments_Costs"/>
</testsuite> <!-- com.testcases.OTM_CHILE_LAS079_Adjust_Shipments_Costs -->
