<?xml version="1.0" encoding="UTF-8"?>
<!-- Generated by org.testng.reporters.JUnitReportReporter -->
<testsuite hostname="PRADHR-IN" name="com.testcases.CM.FIN_PERU_CL_02_RecordBankStatementsManual" tests="1" failures="0" timestamp="4 Nov 2019 13:57:28 GMT" time="132.846" errors="0">
  <testcase name="FIN_PERU_CL_02_RecordBankStatementsManual_TC" time="132.846" classname="com.testcases.CM.FIN_PERU_CL_02_RecordBankStatementsManual"/>
</testsuite> <!-- com.testcases.CM.FIN_PERU_CL_02_RecordBankStatementsManual -->
