<?xml version="1.0" encoding="UTF-8"?>
<!-- Generated by org.testng.reporters.JUnitReportReporter -->
<testsuite skipped="0" hostname="PRADHR-LAP" name="com.testcases.HCM_CHILE_T004_19_ManageCommunicationMethods" tests="1" failures="0" timestamp="29 Aug 2019 14:48:16 GMT" time="120.973" errors="0">
  <testcase name="HCM_CHILE_T004_19_ManageCommunicationMethods_TC" time="120.973" classname="com.testcases.HCM_CHILE_T004_19_ManageCommunicationMethods"/>
</testsuite> <!-- com.testcases.HCM_CHILE_T004_19_ManageCommunicationMethods -->
