<?xml version="1.0" encoding="UTF-8"?>
<!-- Generated by org.testng.reporters.JUnitReportReporter -->
<testsuite hostname="PRADHR-IN" name="com.testcases.HCM_CHILE_T003_12_View_Update_PrsnlInfo_EditNationalIdentifiers" tests="1" failures="0" timestamp="6 Nov 2019 14:50:16 GMT" time="114.135" errors="0">
  <testcase name="HCM_CHILE_T003_12_View_Update_PrsnlInfo_EditNationalIdentifiers_TC" time="114.135" classname="com.testcases.HCM_CHILE_T003_12_View_Update_PrsnlInfo_EditNationalIdentifiers"/>
</testsuite> <!-- com.testcases.HCM_CHILE_T003_12_View_Update_PrsnlInfo_EditNationalIdentifiers -->
