<?xml version="1.0" encoding="UTF-8"?>
<!-- Generated by org.testng.reporters.JUnitReportReporter -->
<testsuite hostname="PRADHR-IN" name="com.testcases.HCM_CHILE_T005_2_AddPersonalRelationship_EditFrmHRSplt" tests="1" failures="0" timestamp="7 Nov 2019 17:29:04 GMT" time="162.540" errors="0">
  <testcase name="HCM_CHILE_T005_2_AddPersonalRelationship_EditFrmHRSplt_TC" time="162.540" classname="com.testcases.HCM_CHILE_T005_2_AddPersonalRelationship_EditFrmHRSplt"/>
</testsuite> <!-- com.testcases.HCM_CHILE_T005_2_AddPersonalRelationship_EditFrmHRSplt -->
