<?xml version="1.0" encoding="UTF-8"?>
<!-- Generated by org.testng.reporters.JUnitReportReporter -->
<testsuite hostname="PRADHR-IN" name="com.testcases.SCM_CHILE_CST001_3_Manage_Default_Cost_Profile" tests="1" failures="0" timestamp="4 Nov 2019 15:59:25 GMT" time="108.604" errors="0">
  <testcase name="SCM_CHILE_CST001_3_Manage_Default_Cost_Profile_TC" time="108.604" classname="com.testcases.SCM_CHILE_CST001_3_Manage_Default_Cost_Profile"/>
</testsuite> <!-- com.testcases.SCM_CHILE_CST001_3_Manage_Default_Cost_Profile -->
