<?xml version="1.0" encoding="UTF-8"?>
<!-- Generated by org.testng.reporters.JUnitReportReporter -->
<testsuite hostname="PRADHR-IN" name="com.testcases.HCM_CHILE_TS002_Edit_Salary_Basis" tests="1" failures="0" timestamp="6 Nov 2019 16:05:40 GMT" time="117.066" errors="0">
  <testcase name="HCM_CHILE_TS002_Edit_Salary_Basis" time="117.066" classname="com.testcases.HCM_CHILE_TS002_Edit_Salary_Basis"/>
</testsuite> <!-- com.testcases.HCM_CHILE_TS002_Edit_Salary_Basis -->
