<?xml version="1.0" encoding="UTF-8"?>
<!-- Generated by org.testng.reporters.JUnitReportReporter -->
<testsuite hostname="PRADHR-IN" name="com.testcases.HCM_CHILE_T004_ManageCommunicationMethods_AddPhoneFrmEmpDir" tests="1" failures="0" timestamp="8 Nov 2019 17:20:34 GMT" time="181.484" errors="0">
  <testcase name="HCM_CHILE_T004_ManageCommunicationMethods_TC" time="181.484" classname="com.testcases.HCM_CHILE_T004_ManageCommunicationMethods_AddPhoneFrmEmpDir"/>
</testsuite> <!-- com.testcases.HCM_CHILE_T004_ManageCommunicationMethods_AddPhoneFrmEmpDir -->
