<?xml version="1.0" encoding="UTF-8"?>
<!-- Generated by org.testng.reporters.JUnitReportReporter -->
<testsuite skipped="0" hostname="PRADHR-LAP" name="com.testcases.HCM_CHILE_T005_1_AddPersonalRelationship" tests="1" failures="0" timestamp="24 Sep 2019 18:15:23 GMT" time="173.594" errors="0">
  <testcase name="HCM_CHILE_T005_1_AddPersonalRelationship_TC" time="173.594" classname="com.testcases.HCM_CHILE_T005_1_AddPersonalRelationship"/>
</testsuite> <!-- com.testcases.HCM_CHILE_T005_1_AddPersonalRelationship -->
