<?xml version="1.0" encoding="UTF-8"?>
<!-- Generated by org.testng.reporters.JUnitReportReporter -->
<testsuite skipped="0" hostname="PRADHR-LAP" name="com.testcases.OTM_CHILE_LAS076_Select_Change_Service_Provider" tests="1" failures="0" timestamp="23 Aug 2019 17:49:03 GMT" time="164.144" errors="0">
  <testcase name="OTM_CHILE_LAS076_Select_Change_Service_Provider_TC" time="164.144" classname="com.testcases.OTM_CHILE_LAS076_Select_Change_Service_Provider"/>
</testsuite> <!-- com.testcases.OTM_CHILE_LAS076_Select_Change_Service_Provider -->
