<?xml version="1.0" encoding="UTF-8"?>
<!-- Generated by org.testng.reporters.JUnitReportReporter -->
<testsuite hostname="PRADHR-IN" name="com.testcases.HCM_CHILE_T003_16_View_Update_PrsnlInfo_CorrectGenderAndMartialStatus" tests="1" failures="0" timestamp="6 Nov 2019 15:34:54 GMT" time="157.872" errors="0">
  <testcase name="HCM_CHILE_T003_16_View_Update_PrsnlInfo_CorrectGenderAndMartialStatus_TC" time="157.872" classname="com.testcases.HCM_CHILE_T003_16_View_Update_PrsnlInfo_CorrectGenderAndMartialStatus"/>
</testsuite> <!-- com.testcases.HCM_CHILE_T003_16_View_Update_PrsnlInfo_CorrectGenderAndMartialStatus -->
