<?xml version="1.0" encoding="UTF-8"?>
<!-- Generated by org.testng.reporters.JUnitReportReporter -->
<testsuite hostname="PRADHR-IN" name="com.testcases.SCM_CHILE_MFG_003_Manage_Work_Centers" tests="1" failures="0" timestamp="4 Nov 2019 16:09:07 GMT" time="137.000" errors="0">
  <testcase name="SCM_CHILE_MFG_003_Manage_Work_Centers" time="137.000" classname="com.testcases.SCM_CHILE_MFG_003_Manage_Work_Centers"/>
</testsuite> <!-- com.testcases.SCM_CHILE_MFG_003_Manage_Work_Centers -->
