<?xml version="1.0" encoding="UTF-8"?>
<!-- Generated by org.testng.reporters.JUnitReportReporter -->
<testsuite skipped="1" hostname="PRADHR-LAP" name="com.testcases.OTM_LAS004" tests="1" failures="0" timestamp="26 Mar 2019 12:17:47 GMT" time="196.119" errors="0">
  <testcase name="f" time="196.119" classname="com.testcases.OTM_LAS004">
    <skipped/>
  </testcase> <!-- f -->
</testsuite> <!-- com.testcases.OTM_LAS004 -->
