<?xml version="1.0" encoding="UTF-8"?>
<!-- Generated by org.testng.reporters.JUnitReportReporter -->
<testsuite hostname="PRADHR-IN" name="com.testcases.HCM_CHILE_TS006_Create_Action_Reasons" tests="1" failures="0" timestamp="6 Nov 2019 16:24:12 GMT" time="102.533" errors="0">
  <testcase name="HCM_CHILE_TS006_Create_Action_Reasons_TC" time="102.533" classname="com.testcases.HCM_CHILE_TS006_Create_Action_Reasons"/>
</testsuite> <!-- com.testcases.HCM_CHILE_TS006_Create_Action_Reasons -->
