<?xml version="1.0" encoding="UTF-8"?>
<!-- Generated by org.testng.reporters.JUnitReportReporter -->
<testsuite hostname="PRADHR-IN" name="com.testcases.HCM_CHILE_T004_12_ManageCommunicationMethods_EditPhoneFrmEmpPI" tests="1" failures="0" timestamp="7 Nov 2019 15:57:29 GMT" time="71.847" errors="0">
  <testcase name="HCM_CHILE_T004_12_ManageCommunicationMethods_TC" time="71.847" classname="com.testcases.HCM_CHILE_T004_12_ManageCommunicationMethods_EditPhoneFrmEmpPI"/>
</testsuite> <!-- com.testcases.HCM_CHILE_T004_12_ManageCommunicationMethods_EditPhoneFrmEmpPI -->
