<?xml version="1.0" encoding="UTF-8"?>
<!-- Generated by org.testng.reporters.JUnitReportReporter -->
<testsuite hostname="PRADHR-IN" name="com.testcases.HCM_CHILE_T004_15_ManageCommunicationMethods_AddEmailFrmEmpDir" tests="1" failures="0" timestamp="11 Nov 2019 14:42:16 GMT" time="228.976" errors="0">
  <testcase name="HCM_CHILE_T004_15_ManageCommunicationMethods_AddEmailFrmEmpDir_TC" time="228.976" classname="com.testcases.HCM_CHILE_T004_15_ManageCommunicationMethods_AddEmailFrmEmpDir"/>
</testsuite> <!-- com.testcases.HCM_CHILE_T004_15_ManageCommunicationMethods_AddEmailFrmEmpDir -->
