<?xml version="1.0" encoding="UTF-8"?>
<!-- Generated by org.testng.reporters.JUnitReportReporter -->
<testsuite hostname="PRADHR-IN" name="com.testcases.HCM_CHILE_T004_16_ManageCommunicationMethods_AddEmailFrmEmpPI" tests="1" failures="0" timestamp="7 Nov 2019 16:10:11 GMT" time="95.018" errors="0">
  <testcase name="HCM_CHILE_T004_16_ManageCommunicationMethods_AddEmailFrmEmpPI_TC" time="95.018" classname="com.testcases.HCM_CHILE_T004_16_ManageCommunicationMethods_AddEmailFrmEmpPI"/>
</testsuite> <!-- com.testcases.HCM_CHILE_T004_16_ManageCommunicationMethods_AddEmailFrmEmpPI -->
