<?xml version="1.0" encoding="UTF-8"?>
<!-- Generated by org.testng.reporters.JUnitReportReporter -->
<testsuite hostname="PRADHR-IN" name="com.testcases.HCM_CHILE_T004_4_ManageCommunicationMethods_DeletePhoneFrmEmpDir" tests="1" failures="0" timestamp="8 Nov 2019 17:31:18 GMT" time="153.193" errors="0">
  <testcase name="HCM_CHILE_T004_4_ManageCommunicationMethods_DeletePhoneFrmEmpDir_TC" time="153.193" classname="com.testcases.HCM_CHILE_T004_4_ManageCommunicationMethods_DeletePhoneFrmEmpDir"/>
</testsuite> <!-- com.testcases.HCM_CHILE_T004_4_ManageCommunicationMethods_DeletePhoneFrmEmpDir -->
