<?xml version="1.0" encoding="UTF-8"?>
<!-- Generated by org.testng.reporters.JUnitReportReporter -->
<testsuite hostname="PRADHR-IN" name="com.testcases.HCM_CHILE_T003_18_View_Update_PrsnlInfo_DeleteRecordAndMartialStatus" tests="1" failures="0" timestamp="6 Nov 2019 15:55:07 GMT" time="99.164" errors="0">
  <testcase name="HCM_CHILE_T003_18_View_Update_PrsnlInfo_DeleteRecordAndMartialStatus_TC" time="99.164" classname="com.testcases.HCM_CHILE_T003_18_View_Update_PrsnlInfo_DeleteRecordAndMartialStatus"/>
</testsuite> <!-- com.testcases.HCM_CHILE_T003_18_View_Update_PrsnlInfo_DeleteRecordAndMartialStatus -->
