<?xml version="1.0" encoding="UTF-8"?>
<!-- Generated by org.testng.reporters.JUnitReportReporter -->
<testsuite hostname="PRADHR-IN" name="com.testcases.HCM_CHILE_T005_1_AddPersonalRelationship_AddFrmHRSplt" tests="1" failures="0" timestamp="7 Nov 2019 17:24:44 GMT" time="140.860" errors="0">
  <testcase name="HCM_CHILE_T005_1_AddPersonalRelationship_AddFrmHRSplt_TC" time="140.860" classname="com.testcases.HCM_CHILE_T005_1_AddPersonalRelationship_AddFrmHRSplt"/>
</testsuite> <!-- com.testcases.HCM_CHILE_T005_1_AddPersonalRelationship_AddFrmHRSplt -->
