<?xml version="1.0" encoding="UTF-8"?>
<!-- Generated by org.testng.reporters.JUnitReportReporter -->
<testsuite skipped="0" hostname="PRADHR-LAP" name="com.testcases.HCM_CHILE_T004_1_View_Update_PrsnlInfo" tests="1" failures="0" timestamp="06 Jun 2019 16:28:25 GMT" time="167.269" errors="0">
  <testcase name="HCM_CHILE_T004_1_View_Update_PrsnlInfo_TC" time="167.269" classname="com.testcases.HCM_CHILE_T004_1_View_Update_PrsnlInfo"/>
</testsuite> <!-- com.testcases.HCM_CHILE_T004_1_View_Update_PrsnlInfo -->
