<?xml version="1.0" encoding="UTF-8"?>
<!-- Generated by org.testng.reporters.JUnitReportReporter -->
<testsuite skipped="0" hostname="PRADHR-LAP" name="com.testcases.HCM_CHILE_T004_1_ManageCommunicationMethods" tests="1" failures="0" timestamp="08 Aug 2019 14:57:43 GMT" time="149.956" errors="0">
  <testcase name="ManageCommunicationMethods_TC" time="149.956" classname="com.testcases.HCM_CHILE_T004_1_ManageCommunicationMethods"/>
</testsuite> <!-- com.testcases.HCM_CHILE_T004_1_ManageCommunicationMethods -->
