<?xml version="1.0" encoding="UTF-8"?>
<!-- Generated by org.testng.reporters.JUnitReportReporter -->
<testsuite hostname="PRADHR-IN" name="com.testcases.SCM_CHILE_CST_001_ManageCostBooks" tests="1" failures="0" timestamp="5 Nov 2019 13:53:28 GMT" time="81.112" errors="0">
  <testcase name="SCM_CHILE_CST_001_ManageCostBooks_TC" time="81.112" classname="com.testcases.SCM_CHILE_CST_001_ManageCostBooks"/>
</testsuite> <!-- com.testcases.SCM_CHILE_CST_001_ManageCostBooks -->
