<?xml version="1.0" encoding="UTF-8"?>
<!-- Generated by org.testng.reporters.JUnitReportReporter -->
<testsuite skipped="0" hostname="PRADHR-LAP" name="com.testcases.SCM_04_Manage_Sales_Orders" tests="1" failures="0" timestamp="21 Jul 2019 17:09:44 GMT" time="441.699" errors="0">
  <testcase name="SCM_04_Manage_Sales_Orders_TC" time="441.699" classname="com.testcases.SCM_04_Manage_Sales_Orders"/>
</testsuite> <!-- com.testcases.SCM_04_Manage_Sales_Orders -->
