<?xml version="1.0" encoding="UTF-8"?>
<!-- Generated by org.testng.reporters.JUnitReportReporter -->
<testsuite skipped="0" hostname="PRADHR-LAP" name="com.testcases.WMS_INV003_3_Lock_Location_With_LockCode" tests="1" failures="0" timestamp="12 Aug 2019 17:24:44 GMT" time="180.051" errors="0">
  <testcase name="WMS_INV003_3_Lock_Location_With_LockCode_TC" time="180.051" classname="com.testcases.WMS_INV003_3_Lock_Location_With_LockCode"/>
</testsuite> <!-- com.testcases.WMS_INV003_3_Lock_Location_With_LockCode -->
