<?xml version="1.0" encoding="UTF-8"?>
<!-- Generated by org.testng.reporters.JUnitReportReporter -->
<testsuite hostname="PRADHR-IN" name="com.testcases.HCM_CHILE_T004_20_ManageCommunicationMethods_DeleteEmailFrmEmpPI" tests="1" failures="0" timestamp="7 Nov 2019 16:15:56 GMT" time="66.469" errors="0">
  <testcase name="HCM_CHILE_T004_20_ManageCommunicationMethods_DeleteEmailFrmEmpPI_TC" time="66.469" classname="com.testcases.HCM_CHILE_T004_20_ManageCommunicationMethods_DeleteEmailFrmEmpPI"/>
</testsuite> <!-- com.testcases.HCM_CHILE_T004_20_ManageCommunicationMethods_DeleteEmailFrmEmpPI -->
