<?xml version="1.0" encoding="UTF-8"?>
<!-- Generated by org.testng.reporters.JUnitReportReporter -->
<testsuite hostname="PRADHR-IN" name="com.testcases.HCM_CHILE_T004_18_ManageCommunicationMethods_EditEmailFrmEmpPI" tests="1" failures="0" timestamp="7 Nov 2019 16:13:16 GMT" time="70.734" errors="0">
  <testcase name="HCM_CHILE_T004_18_ManageCommunicationMethods_EditEmailFrmEmpPI_TC" time="70.734" classname="com.testcases.HCM_CHILE_T004_18_ManageCommunicationMethods_EditEmailFrmEmpPI"/>
</testsuite> <!-- com.testcases.HCM_CHILE_T004_18_ManageCommunicationMethods_EditEmailFrmEmpPI -->
