<?xml version="1.0" encoding="UTF-8"?>
<!-- Generated by org.testng.reporters.JUnitReportReporter -->
<testsuite hostname="PRADHR-IN" name="com.testcases.SCM_CHILE_MFG_005_Manage_Operations" tests="1" failures="0" timestamp="4 Nov 2019 16:21:57 GMT" time="131.714" errors="0">
  <testcase name="SCM_CHILE_MFG_005_Manage_Operations" time="131.714" classname="com.testcases.SCM_CHILE_MFG_005_Manage_Operations"/>
</testsuite> <!-- com.testcases.SCM_CHILE_MFG_005_Manage_Operations -->
