<?xml version="1.0" encoding="UTF-8"?>
<!-- Generated by org.testng.reporters.JUnitReportReporter -->
<testsuite skipped="0" hostname="PRADHR-LAP" name="com.testcases.OTM_CHILE_LAS080_Recalculate_Shipment_Costs" tests="1" failures="0" timestamp="15 Aug 2019 15:04:10 GMT" time="127.493" errors="0">
  <testcase name="OTM_CHILE_LAS080_Recalculate_Shipment_Costs_TC" time="127.493" classname="com.testcases.OTM_CHILE_LAS080_Recalculate_Shipment_Costs"/>
</testsuite> <!-- com.testcases.OTM_CHILE_LAS080_Recalculate_Shipment_Costs -->
