<?xml version="1.0" encoding="UTF-8"?>
<!-- Generated by org.testng.reporters.JUnitReportReporter -->
<testsuite skipped="0" hostname="AMPN-LAP" name="com.testcases.COR002" tests="1" failures="0" timestamp="13 Jan 2019 23:36:24 GMT" time="606.938" errors="0">
  <testcase name="HCM_COR001_TC" time="606.938" classname="com.testcases.COR002"/>
</testsuite> <!-- com.testcases.COR002 -->
