<?xml version="1.0" encoding="UTF-8"?>
<!-- Generated by org.testng.reporters.JUnitReportReporter -->
<testsuite hostname="PRADHR-IN" name="com.testcases.HCM_CHILE_T004_17_ManageCommunicationMethods_EditEmailFrmEmpDir" tests="1" failures="0" timestamp="11 Nov 2019 14:46:16 GMT" time="99.297" errors="0">
  <testcase name="HCM_CHILE_T004_17_ManageCommunicationMethods_TC" time="99.297" classname="com.testcases.HCM_CHILE_T004_17_ManageCommunicationMethods_EditEmailFrmEmpDir"/>
</testsuite> <!-- com.testcases.HCM_CHILE_T004_17_ManageCommunicationMethods_EditEmailFrmEmpDir -->
