<?xml version="1.0" encoding="UTF-8"?>
<!-- Generated by org.testng.reporters.JUnitReportReporter -->
<testsuite skipped="0" hostname="PRADHR-LAP" name="com.testcases.HCM_CHILE_T004_10_ManageCommunicationMethods" tests="1" failures="0" timestamp="24 Sep 2019 14:36:56 GMT" time="146.468" errors="0">
  <testcase name="HCM_CHILE_T004_10_ManageCommunicationMethods_TC" time="146.468" classname="com.testcases.HCM_CHILE_T004_10_ManageCommunicationMethods"/>
</testsuite> <!-- com.testcases.HCM_CHILE_T004_10_ManageCommunicationMethods -->
