<?xml version="1.0" encoding="UTF-8"?>
<!-- Generated by org.testng.reporters.JUnitReportReporter -->
<testsuite skipped="0" hostname="PRADHR-LAP" name="com.testcases.HCM_CHILE_T003_11_View_Update_PrsnlInfo" tests="1" failures="0" timestamp="06 Aug 2019 14:52:45 GMT" time="139.304" errors="0">
  <testcase name="HCM_CHILE_T003_11_View_Update_PrsnlInfo_TC" time="139.304" classname="com.testcases.HCM_CHILE_T003_11_View_Update_PrsnlInfo"/>
</testsuite> <!-- com.testcases.HCM_CHILE_T003_11_View_Update_PrsnlInfo -->
