<?xml version="1.0" encoding="UTF-8"?>
<!-- Generated by org.testng.reporters.JUnitReportReporter -->
<testsuite skipped="0" hostname="PRADHR-LAP" name="com.testcases.OTM_CHILE_LAS005_Edit_Shipment_Quantities" tests="1" failures="0" timestamp="15 Aug 2019 15:29:15 GMT" time="192.883" errors="0">
  <testcase name="f" time="192.883" classname="com.testcases.OTM_CHILE_LAS005_Edit_Shipment_Quantities"/>
</testsuite> <!-- com.testcases.OTM_CHILE_LAS005_Edit_Shipment_Quantities -->
