<?xml version="1.0" encoding="UTF-8"?>
<!-- Generated by org.testng.reporters.JUnitReportReporter -->
<testsuite hostname="PRADHR-IN" name="com.testcases.SCM_CHILE_INV_039_PerformCycleCounting" tests="1" failures="0" timestamp="4 Nov 2019 15:55:46 GMT" time="592.430" errors="0">
  <testcase name="SCM_CHILE_INV_039_PerformCycleCounting_TC" time="592.430" classname="com.testcases.SCM_CHILE_INV_039_PerformCycleCounting"/>
</testsuite> <!-- com.testcases.SCM_CHILE_INV_039_PerformCycleCounting -->
