<?xml version="1.0" encoding="UTF-8"?>
<!-- Generated by org.testng.reporters.JUnitReportReporter -->
<testsuite skipped="0" hostname="PRADHR-LAP" name="com.testcases.HCM_CHILE_T004_7_ManageCommunicationMethods" tests="1" failures="0" timestamp="08 Aug 2019 15:33:36 GMT" time="116.070" errors="0">
  <testcase name="HCM_CHILE_T004_7_ManageCommunicationMethods_TC" time="116.070" classname="com.testcases.HCM_CHILE_T004_7_ManageCommunicationMethods"/>
</testsuite> <!-- com.testcases.HCM_CHILE_T004_7_ManageCommunicationMethods -->
