<?xml version="1.0" encoding="UTF-8"?>
<!-- Generated by org.testng.reporters.JUnitReportReporter -->
<testsuite hostname="PRADHR-IN" name="com.testcases.HCM_CHILE_T003_2_View_Update_PrsnlInfo_DeleteRecord" tests="1" failures="0" timestamp="5 Nov 2019 19:52:02 GMT" time="104.705" errors="0">
  <testcase name="HCM_CHILE_T003_2_View_Update_PrsnlInfo_DeleteRecord_TC" time="104.705" classname="com.testcases.HCM_CHILE_T003_2_View_Update_PrsnlInfo_DeleteRecord"/>
</testsuite> <!-- com.testcases.HCM_CHILE_T003_2_View_Update_PrsnlInfo_DeleteRecord -->
