<?xml version="1.0" encoding="UTF-8"?>
<!-- Generated by org.testng.reporters.JUnitReportReporter -->
<testsuite hostname="PRADHR-IN" name="com.testcases.CM.FIN_PERU_CL_05_ValidationInitialAndFinalAccountingAndBankingBalances" tests="1" failures="0" timestamp="4 Nov 2019 14:48:32 GMT" time="186.340" errors="0">
  <testcase name="FIN_PERU_CL_05_ValidationInitialAndFinalAccountingAndBankingBalances_TC" time="186.340" classname="com.testcases.CM.FIN_PERU_CL_05_ValidationInitialAndFinalAccountingAndBankingBalances"/>
</testsuite> <!-- com.testcases.CM.FIN_PERU_CL_05_ValidationInitialAndFinalAccountingAndBankingBalances -->
