<?xml version="1.0" encoding="UTF-8"?>
<!-- Generated by org.testng.reporters.JUnitReportReporter -->
<testsuite hostname="PRADHR-IN" name="com.testcases.HCM_CHILE_TS005_Edit_Actions" tests="1" failures="0" timestamp="6 Nov 2019 16:18:40 GMT" time="100.916" errors="0">
  <testcase name="HCM_CHILE_TS005_Edit_Actions_TC" time="100.916" classname="com.testcases.HCM_CHILE_TS005_Edit_Actions"/>
</testsuite> <!-- com.testcases.HCM_CHILE_TS005_Edit_Actions -->
