<?xml version="1.0" encoding="UTF-8"?>
<!-- Generated by org.testng.reporters.JUnitReportReporter -->
<testsuite skipped="0" hostname="PRADHR-LAP" name="com.testcases.HCM_CHILE_T004_12_ManageCommunicationMethods" tests="1" failures="0" timestamp="08 Aug 2019 18:18:12 GMT" time="94.801" errors="0">
  <testcase name="HCM_CHILE_T004_12_ManageCommunicationMethods_TC" time="94.801" classname="com.testcases.HCM_CHILE_T004_12_ManageCommunicationMethods"/>
</testsuite> <!-- com.testcases.HCM_CHILE_T004_12_ManageCommunicationMethods -->
