<?xml version="1.0" encoding="UTF-8"?>
<!-- Generated by org.testng.reporters.JUnitReportReporter -->
<testsuite hostname="PRADHR-IN" name="com.testcases.HCM_CHILE_TS008_Edit_Manage_Contacts" tests="1" failures="0" timestamp="7 Nov 2019 14:01:06 GMT" time="131.279" errors="0">
  <testcase name="HCM_CHILE_TS008_Edit_Manage_Contacts_TC" time="131.279" classname="com.testcases.HCM_CHILE_TS008_Edit_Manage_Contacts"/>
</testsuite> <!-- com.testcases.HCM_CHILE_TS008_Edit_Manage_Contacts -->
