<?xml version="1.0" encoding="UTF-8"?>
<!-- Generated by org.testng.reporters.JUnitReportReporter -->
<testsuite skipped="0" hostname="PRADHR-LAP" name="com.testcases.HCM_CHILE_T004_16_ManageCommunicationMethods" tests="1" failures="0" timestamp="12 Aug 2019 14:22:32 GMT" time="262.998" errors="0">
  <testcase name="HCM_CHILE_T004_16_ManageCommunicationMethods_TC" time="262.998" classname="com.testcases.HCM_CHILE_T004_16_ManageCommunicationMethods"/>
</testsuite> <!-- com.testcases.HCM_CHILE_T004_16_ManageCommunicationMethods -->
