<?xml version="1.0" encoding="UTF-8"?>
<!-- Generated by org.testng.reporters.JUnitReportReporter -->
<testsuite hostname="PRADHR-IN" name="com.testcases.HCM_CHILE_T004_19_ManageCommunicationMethods_DeleteEmailFrmEmpDir" tests="1" failures="0" timestamp="11 Nov 2019 14:50:01 GMT" time="82.539" errors="0">
  <testcase name="HCM_CHILE_T004_19_ManageCommunicationMethods_DeleteEmailFrmEmpDir_TC" time="82.539" classname="com.testcases.HCM_CHILE_T004_19_ManageCommunicationMethods_DeleteEmailFrmEmpDir"/>
</testsuite> <!-- com.testcases.HCM_CHILE_T004_19_ManageCommunicationMethods_DeleteEmailFrmEmpDir -->
