<?xml version="1.0" encoding="UTF-8"?>
<!-- Generated by org.testng.reporters.JUnitReportReporter -->
<testsuite skipped="0" hostname="PRADHR-LAP" name="com.testcases.HCM_CHILE_T004_8_ManageCommunicationMethods" tests="1" failures="0" timestamp="08 Aug 2019 17:01:03 GMT" time="121.676" errors="0">
  <testcase name="HCM_CHILE_T004_8_ManageCommunicationMethods_TC" time="121.676" classname="com.testcases.HCM_CHILE_T004_8_ManageCommunicationMethods"/>
</testsuite> <!-- com.testcases.HCM_CHILE_T004_8_ManageCommunicationMethods -->
