<?xml version="1.0" encoding="UTF-8"?>
<!-- Generated by org.testng.reporters.JUnitReportReporter -->
<testsuite hostname="PRADHR-IN" name="com.testcases.HCM_CHILE_T004_11_ManageCommunicationMethods_DeletePhoneFrmEmpDir" tests="1" failures="0" timestamp="11 Nov 2019 14:25:23 GMT" time="94.584" errors="0">
  <testcase name="HCM_CHILE_T004_11_ManageCommunicationMethods_DeletePhoneFrmEmpDir_TC" time="94.584" classname="com.testcases.HCM_CHILE_T004_11_ManageCommunicationMethods_DeletePhoneFrmEmpDir"/>
</testsuite> <!-- com.testcases.HCM_CHILE_T004_11_ManageCommunicationMethods_DeletePhoneFrmEmpDir -->
