<?xml version="1.0" encoding="UTF-8"?>
<!-- Generated by org.testng.reporters.JUnitReportReporter -->
<testsuite hostname="PRADHR-IN" name="com.testcases.HCM_CHILE_T076_Update_Notes_Benefit_Person_Attributes" tests="1" failures="0" timestamp="6 Nov 2019 18:03:13 GMT" time="100.953" errors="0">
  <testcase name="HCM_CHILE_T076_Update_Notes_Benefit_Person_Attributes_TC" time="100.953" classname="com.testcases.HCM_CHILE_T076_Update_Notes_Benefit_Person_Attributes"/>
</testsuite> <!-- com.testcases.HCM_CHILE_T076_Update_Notes_Benefit_Person_Attributes -->
