<?xml version="1.0" encoding="UTF-8"?>
<!-- Generated by org.testng.reporters.JUnitReportReporter -->
<testsuite hostname="PRADHR-IN" name="com.testcases.SCM_CHILE_MFG_002_Manage_Work_Areas" tests="1" failures="0" timestamp="4 Nov 2019 16:05:56 GMT" time="101.381" errors="0">
  <testcase name="SCM_CHILE_MFG_002_Manage_Work_Areas" time="101.381" classname="com.testcases.SCM_CHILE_MFG_002_Manage_Work_Areas"/>
</testsuite> <!-- com.testcases.SCM_CHILE_MFG_002_Manage_Work_Areas -->
