<?xml version="1.0" encoding="UTF-8"?>
<!-- Generated by org.testng.reporters.JUnitReportReporter -->
<testsuite hostname="PRADHR-IN" name="com.testcases.HCM_CHILE_T004_14_ManageCommunicationMethods_DeletePhoneFrmEmpPI" tests="1" failures="0" timestamp="7 Nov 2019 16:00:11 GMT" time="63.416" errors="0">
  <testcase name="HCM_CHILE_T004_14_ManageCommunicationMethods_DeletePhoneFrmEmpPI_TC" time="63.416" classname="com.testcases.HCM_CHILE_T004_14_ManageCommunicationMethods_DeletePhoneFrmEmpPI"/>
</testsuite> <!-- com.testcases.HCM_CHILE_T004_14_ManageCommunicationMethods_DeletePhoneFrmEmpPI -->
