<?xml version="1.0" encoding="UTF-8"?>
<!-- Generated by org.testng.reporters.JUnitReportReporter -->
<testsuite hostname="PRADHR-IN" name="com.testcases.HCM_CHILE_T004_6_ManageCommunicationMethods_AddEmail" tests="1" failures="0" timestamp="7 Nov 2019 15:41:27 GMT" time="115.229" errors="0">
  <testcase name="HCM_CHILE_T004_6_ManageCommunicationMethods_AddEmail_TC" time="115.229" classname="com.testcases.HCM_CHILE_T004_6_ManageCommunicationMethods_AddEmail"/>
</testsuite> <!-- com.testcases.HCM_CHILE_T004_6_ManageCommunicationMethods_AddEmail -->
