<?xml version="1.0" encoding="UTF-8"?>
<!-- Generated by org.testng.reporters.JUnitReportReporter -->
<testsuite hostname="PRADHR-IN" name="com.testcases.HCM_CHILE_T003_3_View_Update_PrsnlInfo_CreateAddress" tests="1" failures="0" timestamp="6 Nov 2019 13:04:50 GMT" time="130.844" errors="0">
  <testcase name="HCM_CHILE_T003_3_View_Update_PrsnlInfo_CreateAddress_TC" time="130.844" classname="com.testcases.HCM_CHILE_T003_3_View_Update_PrsnlInfo_CreateAddress"/>
</testsuite> <!-- com.testcases.HCM_CHILE_T003_3_View_Update_PrsnlInfo_CreateAddress -->
