<?xml version="1.0" encoding="UTF-8"?>
<!-- Generated by org.testng.reporters.JUnitReportReporter -->
<testsuite skipped="0" hostname="PRADHR-LAP" name="com.testcases.OTM_CHILE_LAS078_Change_Start_Time" tests="1" failures="0" timestamp="23 Aug 2019 19:38:09 GMT" time="266.370" errors="0">
  <testcase name="OTM_CHILE_LAS078_Change_Start_Time_TC" time="266.370" classname="com.testcases.OTM_CHILE_LAS078_Change_Start_Time"/>
</testsuite> <!-- com.testcases.OTM_CHILE_LAS078_Change_Start_Time -->
