<?xml version="1.0" encoding="UTF-8"?>
<!-- Generated by org.testng.reporters.JUnitReportReporter -->
<testsuite hostname="PRADHR-IN" name="com.testcases.SCM_CHILE_MFG_008_Manage_Work_Definitions" tests="1" failures="0" timestamp="4 Nov 2019 18:13:36 GMT" time="356.688" errors="0">
  <testcase name="SCM_CHILE_MFG_008_Manage_Work_Definitions" time="356.688" classname="com.testcases.SCM_CHILE_MFG_008_Manage_Work_Definitions"/>
</testsuite> <!-- com.testcases.SCM_CHILE_MFG_008_Manage_Work_Definitions -->
