<?xml version="1.0" encoding="UTF-8"?>
<!-- Generated by org.testng.reporters.JUnitReportReporter -->
<testsuite hostname="PRADHR-IN" name="com.testcases.HCM_CHILE_TS004_1_Create_Action" tests="1" failures="0" timestamp="6 Nov 2019 16:14:44 GMT" time="92.441" errors="0">
  <testcase name="HCM_CHILE_TS004_1_Create_Action_TC" time="92.441" classname="com.testcases.HCM_CHILE_TS004_1_Create_Action"/>
</testsuite> <!-- com.testcases.HCM_CHILE_TS004_1_Create_Action -->
